

Version:	3.12
CmdLine:	D:\Explorador de archivos\Documentos\GitHub\14-Puzzle\14-puzzle.exe --l4j-debug
WOW64:		yes
Working dir:	D:\Explorador de archivos\Documentos\GitHub\14-Puzzle\.
Java min ver:	1.008.000_251
Java max ver:	
Bundled JRE:	C:\Program Files\Java\jre1.8.0_251
Check launcher:	C:\Program Files\Java\jre1.8.0_251\bin\javaw.exe (OK)
Launcher:	C:\Program Files\Java\jre1.8.0_251\bin\javaw.exe
Launcher args:	-jar "D:\Explorador de archivos\Documentos\GitHub\14-Puzzle\14-puzzle.exe"
Args length:	74/32768 chars
Exit code:	0


Version:	3.12
CmdLine:	D:\Explorador de archivos\Documentos\GitHub\14-Puzzle\14-puzzle.exe --l4j-debug
WOW64:		yes
Working dir:	D:\Explorador de archivos\Documentos\GitHub\14-Puzzle\.
Java min ver:	1.011.000_006
Java max ver:	
Bundled JRE:	C:\Program Files\Java\jdk-11.0.6
Check launcher:	C:\Program Files\Java\jdk-11.0.6\bin\javaw.exe (OK)
Launcher:	C:\Program Files\Java\jdk-11.0.6\bin\javaw.exe
Launcher args:	-jar "D:\Explorador de archivos\Documentos\GitHub\14-Puzzle\14-puzzle.exe"
Args length:	74/32768 chars
Exit code:	0


Version:	3.12
CmdLine:	D:\Explorador de archivos\Documentos\GitHub\14-Puzzle\14-puzzle.exe --l4j-debug
WOW64:		yes
Working dir:	D:\Explorador de archivos\Documentos\GitHub\14-Puzzle\.
Java min ver:	1.008.000_251
Java max ver:	
Bundled JRE:	C:\Program Files\Java\jre1.8.0_251
Check launcher:	C:\Program Files\Java\jre1.8.0_251\bin\javaw.exe (OK)
Launcher:	C:\Program Files\Java\jre1.8.0_251\bin\javaw.exe
Launcher args:	-jar "D:\Explorador de archivos\Documentos\GitHub\14-Puzzle\14-puzzle.exe"
Args length:	74/32768 chars
Exit code:	0


Version:	3.12
CmdLine:	D:\Explorador de archivos\Documentos\GitHub\14-Puzzle\14-puzzle.exe --l4j-debug
WOW64:		yes
Working dir:	D:\Explorador de archivos\Documentos\GitHub\14-Puzzle\.
Java min ver:	1.011.000_006
Java max ver:	
Bundled JRE:	C:\Program Files\Java\jdk-11.0.6
Check launcher:	C:\Program Files\Java\jdk-11.0.6\bin\javaw.exe (OK)
Launcher:	C:\Program Files\Java\jdk-11.0.6\bin\javaw.exe
Launcher args:	-jar "D:\Explorador de archivos\Documentos\GitHub\14-Puzzle\14-puzzle.exe"
Args length:	74/32768 chars
Exit code:	0
